2026-07-07 15:50:29,877 | INFO | Entering Username
2026-07-07 15:50:29,953 | INFO | Entering Password
2026-07-07 15:50:29,963 | INFO | Clicking Login Button
2026-07-07 15:50:30,480 | INFO | Entering Username
2026-07-07 15:50:30,523 | INFO | Entering Password
2026-07-07 15:50:30,533 | INFO | Clicking Login Button
2026-07-07 15:50:31,199 | INFO | Entering Username
2026-07-07 15:50:31,260 | INFO | Entering Password
2026-07-07 15:50:31,274 | INFO | Clicking Login Button
2026-07-07 15:50:31,615 | INFO | Entering Username
2026-07-07 15:50:31,662 | INFO | Entering Password
2026-07-07 15:50:31,672 | INFO | Clicking Login Button
2026-07-07 15:50:32,077 | INFO | Entering Username
2026-07-07 15:50:32,122 | INFO | Entering Password
2026-07-07 15:50:32,137 | INFO | Clicking Login Button
2026-07-07 15:50:32,698 | INFO | Entering Username
2026-07-07 15:50:32,742 | INFO | Entering Password
2026-07-07 15:50:32,752 | INFO | Clicking Login Button
2026-07-07 15:50:33,056 | INFO | Entering Username
2026-07-07 15:50:33,100 | INFO | Entering Password
2026-07-07 15:50:33,109 | INFO | Clicking Login Button
2026-07-07 15:50:33,475 | INFO | Entering Username
2026-07-07 15:50:33,531 | INFO | Entering Password
2026-07-07 15:50:33,543 | INFO | Clicking Login Button
2026-07-07 15:56:30,970 | INFO | Entering Username
2026-07-07 15:56:31,017 | INFO | Entering Password
2026-07-07 15:56:31,028 | INFO | Clicking Login Button
2026-07-07 15:56:31,533 | INFO | Entering Username
2026-07-07 15:56:31,575 | INFO | Entering Password
2026-07-07 15:56:31,586 | INFO | Clicking Login Button
2026-07-07 15:56:32,286 | INFO | Entering Username
2026-07-07 15:56:32,335 | INFO | Entering Password
2026-07-07 15:56:32,345 | INFO | Clicking Login Button
2026-07-07 15:56:32,671 | INFO | Entering Username
2026-07-07 15:56:32,717 | INFO | Entering Password
2026-07-07 15:56:32,727 | INFO | Clicking Login Button
2026-07-07 15:56:33,099 | INFO | Entering Username
2026-07-07 15:56:33,151 | INFO | Entering Password
2026-07-07 15:56:33,167 | INFO | Clicking Login Button
2026-07-07 15:56:33,669 | INFO | Entering Username
2026-07-07 15:56:33,712 | INFO | Entering Password
2026-07-07 15:56:33,722 | INFO | Clicking Login Button
2026-07-07 15:56:34,043 | INFO | Entering Username
2026-07-07 15:56:34,086 | INFO | Entering Password
2026-07-07 15:56:34,096 | INFO | Clicking Login Button
2026-07-07 15:56:34,416 | INFO | Entering Username
2026-07-07 15:56:34,460 | INFO | Entering Password
2026-07-07 15:56:34,470 | INFO | Clicking Login Button
2026-07-07 16:38:34,697 | INFO | Entering Username
2026-07-07 16:38:34,749 | INFO | Entering Password
2026-07-07 16:38:34,761 | INFO | Clicking Login Button
2026-07-07 16:38:35,236 | INFO | Entering Username
2026-07-07 16:38:35,280 | INFO | Entering Password
2026-07-07 16:38:35,291 | INFO | Clicking Login Button
2026-07-07 16:38:35,952 | INFO | Entering Username
2026-07-07 16:38:35,999 | INFO | Entering Password
2026-07-07 16:38:36,010 | INFO | Clicking Login Button
2026-07-07 16:38:36,338 | INFO | Entering Username
2026-07-07 16:38:36,393 | INFO | Entering Password
2026-07-07 16:38:36,411 | INFO | Clicking Login Button
2026-07-07 16:38:36,944 | INFO | Entering Username
2026-07-07 16:38:36,995 | INFO | Entering Password
2026-07-07 16:38:37,007 | INFO | Clicking Login Button
2026-07-07 16:38:37,570 | INFO | Entering Username
2026-07-07 16:38:37,645 | INFO | Entering Password
2026-07-07 16:38:37,663 | INFO | Clicking Login Button
2026-07-07 16:38:38,185 | INFO | Entering Username
2026-07-07 16:38:38,251 | INFO | Entering Password
2026-07-07 16:38:38,265 | INFO | Clicking Login Button
2026-07-07 16:38:38,657 | INFO | Entering Username
2026-07-07 16:38:38,722 | INFO | Entering Password
2026-07-07 16:38:38,740 | INFO | Clicking Login Button
2026-07-07 16:38:39,126 | INFO | Entering Username
2026-07-07 16:38:39,193 | INFO | Entering Password
2026-07-07 16:38:39,209 | INFO | Clicking Login Button
2026-07-07 16:42:35,689 | INFO | Entering Username
2026-07-07 16:42:35,747 | INFO | Entering Password
2026-07-07 16:42:35,761 | INFO | Clicking Login Button
2026-07-07 16:42:38,384 | INFO | Entering Username
2026-07-07 16:42:38,429 | INFO | Entering Password
2026-07-07 16:42:38,438 | INFO | Clicking Login Button
2026-07-07 16:42:40,965 | INFO | Entering Username
2026-07-07 16:42:41,007 | INFO | Entering Password
2026-07-07 16:42:41,017 | INFO | Clicking Login Button
2026-07-07 16:42:41,583 | INFO | Entering Username
2026-07-07 16:42:41,629 | INFO | Entering Password
2026-07-07 16:42:41,640 | INFO | Clicking Login Button
2026-07-07 16:42:42,295 | INFO | Entering Username
2026-07-07 16:42:42,340 | INFO | Entering Password
2026-07-07 16:42:42,351 | INFO | Clicking Login Button
2026-07-07 16:42:42,796 | INFO | Entering Username
2026-07-07 16:42:42,850 | INFO | Entering Password
2026-07-07 16:42:42,863 | INFO | Clicking Login Button
2026-07-07 16:42:43,340 | INFO | Entering Username
2026-07-07 16:42:43,384 | INFO | Entering Password
2026-07-07 16:42:43,394 | INFO | Clicking Login Button
2026-07-07 16:42:43,983 | INFO | Entering Username
2026-07-07 16:42:44,028 | INFO | Entering Password
2026-07-07 16:42:44,038 | INFO | Clicking Login Button
2026-07-07 16:42:46,579 | INFO | Entering Username
2026-07-07 16:42:46,621 | INFO | Entering Password
2026-07-07 16:42:46,631 | INFO | Clicking Login Button
2026-07-07 16:42:49,180 | INFO | Entering Username
2026-07-07 16:42:49,224 | INFO | Entering Password
2026-07-07 16:42:49,235 | INFO | Clicking Login Button
2026-07-07 16:42:49,786 | INFO | Entering Username
2026-07-07 16:42:49,829 | INFO | Entering Password
2026-07-07 16:42:49,839 | INFO | Clicking Login Button
2026-07-07 16:42:50,328 | INFO | Entering Username
2026-07-07 16:42:50,373 | INFO | Entering Password
2026-07-07 16:42:50,383 | INFO | Clicking Login Button
2026-07-07 16:42:50,818 | INFO | Entering Username
2026-07-07 16:42:50,862 | INFO | Entering Password
2026-07-07 16:42:50,872 | INFO | Clicking Login Button
2026-07-07 16:42:51,272 | INFO | Entering Username
2026-07-07 16:42:51,316 | INFO | Entering Password
2026-07-07 16:42:51,326 | INFO | Clicking Login Button
2026-07-07 16:46:02,568 | INFO | Entering Username
2026-07-07 16:46:02,621 | INFO | Entering Password
2026-07-07 16:46:02,634 | INFO | Clicking Login Button
2026-07-07 16:46:03,111 | INFO | Entering Username
2026-07-07 16:46:03,157 | INFO | Entering Password
2026-07-07 16:46:03,168 | INFO | Clicking Login Button
2026-07-07 16:46:03,802 | INFO | Entering Username
2026-07-07 16:46:03,869 | INFO | Entering Password
2026-07-07 16:46:03,885 | INFO | Clicking Login Button
2026-07-07 16:46:04,245 | INFO | Entering Username
2026-07-07 16:46:04,290 | INFO | Entering Password
2026-07-07 16:46:04,301 | INFO | Clicking Login Button
2026-07-07 16:46:04,659 | INFO | Entering Username
2026-07-07 16:46:04,707 | INFO | Entering Password
2026-07-07 16:46:04,718 | INFO | Clicking Login Button
2026-07-07 16:46:05,265 | INFO | Entering Username
2026-07-07 16:46:05,313 | INFO | Entering Password
2026-07-07 16:46:05,324 | INFO | Clicking Login Button
2026-07-07 16:46:05,833 | INFO | Entering Username
2026-07-07 16:46:05,879 | INFO | Entering Password
2026-07-07 16:46:05,889 | INFO | Clicking Login Button
2026-07-07 16:46:06,282 | INFO | Entering Username
2026-07-07 16:46:06,329 | INFO | Entering Password
2026-07-07 16:46:06,340 | INFO | Clicking Login Button
2026-07-07 16:46:06,680 | INFO | Entering Username
2026-07-07 16:46:06,762 | INFO | Entering Password
2026-07-07 16:46:06,785 | INFO | Clicking Login Button
2026-07-07 16:46:07,169 | INFO | Entering Username
2026-07-07 16:46:07,216 | INFO | Entering Password
2026-07-07 16:46:07,226 | INFO | Clicking Login Button
2026-07-07 16:50:40,081 | INFO | Entering Username
2026-07-07 16:50:40,135 | INFO | Entering Password
2026-07-07 16:50:40,148 | INFO | Clicking Login Button
2026-07-07 16:50:40,639 | INFO | Entering Username
2026-07-07 16:50:40,687 | INFO | Entering Password
2026-07-07 16:50:40,697 | INFO | Clicking Login Button
2026-07-07 16:50:41,454 | INFO | Entering Username
2026-07-07 16:50:41,502 | INFO | Entering Password
2026-07-07 16:50:41,512 | INFO | Clicking Login Button
2026-07-07 16:50:41,880 | INFO | Entering Username
2026-07-07 16:50:41,934 | INFO | Entering Password
2026-07-07 16:50:41,945 | INFO | Clicking Login Button
2026-07-07 16:50:42,313 | INFO | Entering Username
2026-07-07 16:50:42,361 | INFO | Entering Password
2026-07-07 16:50:42,371 | INFO | Clicking Login Button
2026-07-07 16:50:43,994 | INFO | Entering Username
2026-07-07 16:50:44,035 | INFO | Entering Password
2026-07-07 16:50:44,044 | INFO | Clicking Login Button
2026-07-07 16:50:44,559 | INFO | Entering Username
2026-07-07 16:50:44,609 | INFO | Entering Password
2026-07-07 16:50:44,622 | INFO | Clicking Login Button
2026-07-07 16:50:45,192 | INFO | Entering Username
2026-07-07 16:50:45,234 | INFO | Entering Password
2026-07-07 16:50:45,243 | INFO | Clicking Login Button
2026-07-07 16:50:45,613 | INFO | Entering Username
2026-07-07 16:50:45,656 | INFO | Entering Password
2026-07-07 16:50:45,665 | INFO | Clicking Login Button
2026-07-07 16:50:45,994 | INFO | Entering Username
2026-07-07 16:50:46,036 | INFO | Entering Password
2026-07-07 16:50:46,045 | INFO | Clicking Login Button
2026-07-07 16:50:46,383 | INFO | Entering Username
2026-07-07 16:50:46,424 | INFO | Entering Password
2026-07-07 16:50:46,434 | INFO | Clicking Login Button
2026-07-07 17:04:45,576 | INFO | Entering Username
2026-07-07 17:04:45,636 | INFO | Entering Password
2026-07-07 17:04:45,655 | INFO | Clicking Login Button
2026-07-07 17:04:47,924 | INFO | Entering Username
2026-07-07 17:04:47,980 | INFO | Entering Password
2026-07-07 17:04:47,997 | INFO | Clicking Login Button
2026-07-07 17:04:50,100 | INFO | Entering Username
2026-07-07 17:04:50,156 | INFO | Entering Password
2026-07-07 17:04:50,170 | INFO | Clicking Login Button
2026-07-07 17:04:52,193 | INFO | Entering Username
2026-07-07 17:04:52,251 | INFO | Entering Password
2026-07-07 17:04:52,268 | INFO | Clicking Login Button
2026-07-07 17:04:54,378 | INFO | Entering Username
2026-07-07 17:04:54,435 | INFO | Entering Password
2026-07-07 17:04:54,452 | INFO | Clicking Login Button
2026-07-07 17:04:56,440 | INFO | Entering Username
2026-07-07 17:04:56,500 | INFO | Entering Password
2026-07-07 17:04:56,517 | INFO | Clicking Login Button
2026-07-07 17:04:58,497 | INFO | Entering Username
2026-07-07 17:04:58,550 | INFO | Entering Password
2026-07-07 17:04:58,566 | INFO | Clicking Login Button
2026-07-07 17:05:00,586 | INFO | Entering Username
2026-07-07 17:05:00,642 | INFO | Entering Password
2026-07-07 17:05:00,658 | INFO | Clicking Login Button
2026-07-07 17:05:02,590 | INFO | Entering Username
2026-07-07 17:05:02,646 | INFO | Entering Password
2026-07-07 17:05:02,664 | INFO | Clicking Login Button
2026-07-07 17:05:05,467 | INFO | Entering Username
2026-07-07 17:05:05,521 | INFO | Entering Password
2026-07-07 17:05:05,536 | INFO | Clicking Login Button
2026-07-07 17:05:07,571 | INFO | Entering Username
2026-07-07 17:05:07,628 | INFO | Entering Password
2026-07-07 17:05:07,643 | INFO | Clicking Login Button
2026-07-07 17:05:09,737 | INFO | Entering Username
2026-07-07 17:05:09,791 | INFO | Entering Password
2026-07-07 17:05:09,806 | INFO | Clicking Login Button
2026-07-07 21:21:11,738 | INFO | Entering Username
2026-07-07 21:21:11,894 | INFO | Entering Password
2026-07-07 21:21:11,965 | INFO | Clicking Login Button
2026-07-07 21:21:16,079 | INFO | Entering Username
2026-07-07 21:21:16,233 | INFO | Entering Password
2026-07-07 21:21:16,271 | INFO | Clicking Login Button
2026-07-07 21:21:21,472 | INFO | Entering Username
2026-07-07 21:21:21,575 | INFO | Entering Password
2026-07-07 21:21:21,626 | INFO | Clicking Login Button
2026-07-07 21:21:25,157 | INFO | Entering Username
2026-07-07 21:21:25,298 | INFO | Entering Password
2026-07-07 21:21:25,363 | INFO | Clicking Login Button
2026-07-07 21:21:29,081 | INFO | Entering Username
2026-07-07 21:21:29,236 | INFO | Entering Password
2026-07-07 21:21:29,302 | INFO | Clicking Login Button
2026-07-07 21:21:33,125 | INFO | Entering Username
2026-07-07 21:21:33,252 | INFO | Entering Password
2026-07-07 21:21:33,284 | INFO | Clicking Login Button
2026-07-07 21:21:37,130 | INFO | Entering Username
2026-07-07 21:21:37,258 | INFO | Entering Password
2026-07-07 21:21:37,295 | INFO | Clicking Login Button
2026-07-07 21:21:40,746 | INFO | Entering Username
2026-07-07 21:21:40,877 | INFO | Entering Password
2026-07-07 21:21:40,932 | INFO | Clicking Login Button
2026-07-07 21:21:44,571 | INFO | Entering Username
2026-07-07 21:21:44,683 | INFO | Entering Password
2026-07-07 21:21:44,729 | INFO | Clicking Login Button
2026-07-07 21:21:49,238 | INFO | Entering Username
2026-07-07 21:21:49,368 | INFO | Entering Password
2026-07-07 21:21:49,416 | INFO | Clicking Login Button
2026-07-07 21:21:53,205 | INFO | Entering Username
2026-07-07 21:21:53,311 | INFO | Entering Password
2026-07-07 21:21:53,359 | INFO | Clicking Login Button
2026-07-07 21:21:57,359 | INFO | Entering Username
2026-07-07 21:21:57,480 | INFO | Entering Password
2026-07-07 21:21:57,508 | INFO | Clicking Login Button
2026-07-08 09:25:43,647 | INFO | Entering Username
2026-07-08 09:25:43,759 | INFO | Entering Password
2026-07-08 09:25:43,820 | INFO | Clicking Login Button
2026-07-08 09:25:46,575 | INFO | Entering Username
2026-07-08 09:25:46,655 | INFO | Entering Password
2026-07-08 09:25:46,701 | INFO | Clicking Login Button
2026-07-08 09:25:49,160 | INFO | Entering Username
2026-07-08 09:25:49,233 | INFO | Entering Password
2026-07-08 09:25:49,254 | INFO | Clicking Login Button
2026-07-08 09:25:51,511 | INFO | Entering Username
2026-07-08 09:25:51,574 | INFO | Entering Password
2026-07-08 09:25:51,594 | INFO | Clicking Login Button
2026-07-08 09:25:53,896 | INFO | Entering Username
2026-07-08 09:25:53,964 | INFO | Entering Password
2026-07-08 09:25:53,984 | INFO | Clicking Login Button
2026-07-08 09:25:57,134 | INFO | Entering Username
2026-07-08 09:25:57,200 | INFO | Entering Password
2026-07-08 09:25:57,218 | INFO | Clicking Login Button
2026-07-08 09:26:00,119 | INFO | Entering Username
2026-07-08 09:26:00,227 | INFO | Entering Password
2026-07-08 09:26:00,253 | INFO | Clicking Login Button
2026-07-08 09:26:03,351 | INFO | Entering Username
2026-07-08 09:26:03,421 | INFO | Entering Password
2026-07-08 09:26:03,444 | INFO | Clicking Login Button
2026-07-08 09:26:06,379 | INFO | Entering Username
2026-07-08 09:26:06,490 | INFO | Entering Password
2026-07-08 09:26:06,513 | INFO | Clicking Login Button
2026-07-08 09:26:09,155 | INFO | Entering Username
2026-07-08 09:26:09,257 | INFO | Entering Password
2026-07-08 09:26:09,274 | INFO | Clicking Login Button
2026-07-08 09:26:12,225 | INFO | Entering Username
2026-07-08 09:26:12,357 | INFO | Entering Password
2026-07-08 09:26:12,378 | INFO | Clicking Login Button
2026-07-08 09:26:16,848 | INFO | Entering Username
2026-07-08 09:26:16,927 | INFO | Entering Password
2026-07-08 09:26:16,949 | INFO | Clicking Login Button
2026-07-08 09:26:20,482 | INFO | Entering Username
2026-07-08 09:26:20,573 | INFO | Entering Password
2026-07-08 09:26:20,595 | INFO | Clicking Login Button
2026-07-08 09:26:23,088 | INFO | Entering Username
2026-07-08 09:26:23,161 | INFO | Entering Password
2026-07-08 09:26:23,180 | INFO | Clicking Login Button
2026-07-08 09:26:25,620 | INFO | Entering Username
2026-07-08 09:26:25,682 | INFO | Entering Password
2026-07-08 09:26:25,703 | INFO | Clicking Login Button
2026-07-08 09:34:35,788 | INFO | Entering Username
2026-07-08 09:34:36,336 | INFO | Entering Password
2026-07-08 09:34:36,864 | INFO | Clicking Login Button
2026-07-08 09:34:41,395 | INFO | Entering Username
2026-07-08 09:34:41,955 | INFO | Entering Password
2026-07-08 09:34:42,486 | INFO | Clicking Login Button
2026-07-08 09:34:49,993 | INFO | Entering Username
2026-07-08 09:34:50,537 | INFO | Entering Password
2026-07-08 09:34:51,065 | INFO | Clicking Login Button
2026-07-08 09:34:58,151 | INFO | Entering Username
2026-07-08 09:34:58,696 | INFO | Entering Password
2026-07-08 09:34:59,224 | INFO | Clicking Login Button
2026-07-08 09:35:06,383 | INFO | Entering Username
2026-07-08 09:35:06,934 | INFO | Entering Password
2026-07-08 09:35:07,457 | INFO | Clicking Login Button
2026-07-08 09:35:14,210 | INFO | Entering Username
2026-07-08 09:35:14,756 | INFO | Entering Password
2026-07-08 09:35:15,275 | INFO | Clicking Login Button
2026-07-08 09:35:18,253 | INFO | Entering Username
2026-07-08 09:35:18,802 | INFO | Entering Password
2026-07-08 09:35:19,330 | INFO | Clicking Login Button
2026-07-08 09:35:22,729 | INFO | Entering Username
2026-07-08 09:35:23,265 | INFO | Entering Password
2026-07-08 09:35:23,787 | INFO | Clicking Login Button
2026-07-08 09:35:27,141 | INFO | Entering Username
2026-07-08 09:35:27,686 | INFO | Entering Password
2026-07-08 09:35:28,203 | INFO | Clicking Login Button
2026-07-08 09:35:31,463 | INFO | Entering Username
2026-07-08 09:35:32,008 | INFO | Entering Password
2026-07-08 09:35:32,538 | INFO | Clicking Login Button
2026-07-08 09:35:35,690 | INFO | Entering Username
2026-07-08 09:35:36,235 | INFO | Entering Password
2026-07-08 09:35:36,753 | INFO | Clicking Login Button
2026-07-08 09:35:40,116 | INFO | Entering Username
2026-07-08 09:35:40,662 | INFO | Entering Password
2026-07-08 09:35:41,193 | INFO | Clicking Login Button
2026-07-08 09:35:45,567 | INFO | Entering Username
2026-07-08 09:35:46,116 | INFO | Entering Password
2026-07-08 09:35:46,634 | INFO | Clicking Login Button
2026-07-08 09:35:52,310 | INFO | Entering Username
2026-07-08 09:35:52,859 | INFO | Entering Password
2026-07-08 09:35:53,378 | INFO | Clicking Login Button
2026-07-08 09:35:58,995 | INFO | Entering Username
2026-07-08 09:35:59,543 | INFO | Entering Password
2026-07-08 09:36:00,076 | INFO | Clicking Login Button
2026-07-08 09:41:32,743 | INFO | Entering Username
2026-07-08 09:41:33,305 | INFO | Entering Password
2026-07-08 09:41:33,834 | INFO | Clicking Login Button
2026-07-08 09:41:38,672 | INFO | Entering Username
2026-07-08 09:41:39,237 | INFO | Entering Password
2026-07-08 09:41:39,764 | INFO | Clicking Login Button
2026-07-08 09:41:49,316 | INFO | Entering Username
2026-07-08 09:41:49,877 | INFO | Entering Password
2026-07-08 09:41:50,402 | INFO | Clicking Login Button
2026-07-08 09:41:58,297 | INFO | Entering Username
2026-07-08 09:41:58,862 | INFO | Entering Password
2026-07-08 09:41:59,394 | INFO | Clicking Login Button
2026-07-08 09:42:06,993 | INFO | Entering Username
2026-07-08 09:42:07,539 | INFO | Entering Password
2026-07-08 09:42:08,060 | INFO | Clicking Login Button
2026-07-08 09:42:15,633 | INFO | Entering Username
2026-07-08 09:42:16,190 | INFO | Entering Password
2026-07-08 09:42:16,723 | INFO | Clicking Login Button
2026-07-08 09:42:20,477 | INFO | Entering Username
2026-07-08 09:42:21,036 | INFO | Entering Password
2026-07-08 09:42:21,571 | INFO | Clicking Login Button
2026-07-08 09:42:25,266 | INFO | Entering Username
2026-07-08 09:42:25,813 | INFO | Entering Password
2026-07-08 09:42:26,341 | INFO | Clicking Login Button
2026-07-08 09:42:29,833 | INFO | Entering Username
2026-07-08 09:42:30,390 | INFO | Entering Password
2026-07-08 09:42:30,918 | INFO | Clicking Login Button
2026-07-08 09:42:34,345 | INFO | Entering Username
2026-07-08 09:42:34,907 | INFO | Entering Password
2026-07-08 09:42:35,440 | INFO | Clicking Login Button
2026-07-08 09:42:38,879 | INFO | Entering Username
2026-07-08 09:42:39,428 | INFO | Entering Password
2026-07-08 09:42:39,960 | INFO | Clicking Login Button
2026-07-08 09:42:43,354 | INFO | Entering Username
2026-07-08 09:42:43,917 | INFO | Entering Password
2026-07-08 09:42:44,449 | INFO | Clicking Login Button
2026-07-08 09:42:49,278 | INFO | Entering Username
2026-07-08 09:42:49,827 | INFO | Entering Password
2026-07-08 09:42:50,354 | INFO | Clicking Login Button
2026-07-08 09:42:56,142 | INFO | Entering Username
2026-07-08 09:42:56,702 | INFO | Entering Password
2026-07-08 09:42:57,233 | INFO | Clicking Login Button
2026-07-08 09:43:03,523 | INFO | Entering Username
2026-07-08 09:43:04,086 | INFO | Entering Password
2026-07-08 09:43:04,615 | INFO | Clicking Login Button
2026-07-08 09:45:20,005 | INFO | Entering Username
2026-07-08 09:45:20,568 | INFO | Entering Password
2026-07-08 09:45:21,100 | INFO | Clicking Login Button
2026-07-08 09:45:25,835 | INFO | Entering Username
2026-07-08 09:45:26,397 | INFO | Entering Password
2026-07-08 09:45:26,926 | INFO | Clicking Login Button
2026-07-08 09:45:34,786 | INFO | Entering Username
2026-07-08 09:45:35,347 | INFO | Entering Password
2026-07-08 09:45:35,874 | INFO | Clicking Login Button
2026-07-08 09:45:43,348 | INFO | Entering Username
2026-07-08 09:45:43,908 | INFO | Entering Password
2026-07-08 09:45:44,437 | INFO | Clicking Login Button
2026-07-08 09:45:51,761 | INFO | Entering Username
2026-07-08 09:45:52,323 | INFO | Entering Password
2026-07-08 09:45:52,851 | INFO | Clicking Login Button
2026-07-08 09:46:00,172 | INFO | Entering Username
2026-07-08 09:46:00,730 | INFO | Entering Password
2026-07-08 09:46:01,262 | INFO | Clicking Login Button
2026-07-08 09:46:04,572 | INFO | Entering Username
2026-07-08 09:46:05,129 | INFO | Entering Password
2026-07-08 09:46:05,658 | INFO | Clicking Login Button
2026-07-08 09:46:09,214 | INFO | Entering Username
2026-07-08 09:46:09,763 | INFO | Entering Password
2026-07-08 09:46:10,290 | INFO | Clicking Login Button
2026-07-08 09:46:13,710 | INFO | Entering Username
2026-07-08 09:46:14,269 | INFO | Entering Password
2026-07-08 09:46:14,812 | INFO | Clicking Login Button
2026-07-08 09:46:19,325 | INFO | Entering Username
2026-07-08 09:46:19,886 | INFO | Entering Password
2026-07-08 09:46:20,411 | INFO | Clicking Login Button
2026-07-08 09:46:23,690 | INFO | Entering Username
2026-07-08 09:46:24,249 | INFO | Entering Password
2026-07-08 09:46:24,776 | INFO | Clicking Login Button
2026-07-08 09:46:28,182 | INFO | Entering Username
2026-07-08 09:46:28,741 | INFO | Entering Password
2026-07-08 09:46:29,272 | INFO | Clicking Login Button
2026-07-08 09:46:33,840 | INFO | Entering Username
2026-07-08 09:46:34,398 | INFO | Entering Password
2026-07-08 09:46:34,926 | INFO | Clicking Login Button
2026-07-08 09:46:40,950 | INFO | Entering Username
2026-07-08 09:46:41,510 | INFO | Entering Password
2026-07-08 09:46:42,042 | INFO | Clicking Login Button
2026-07-08 09:46:47,044 | INFO | Entering Username
2026-07-08 09:46:47,617 | INFO | Entering Password
2026-07-08 09:46:48,146 | INFO | Clicking Login Button
2026-07-08 09:58:22 | INFO | Opening SauceDemo Login Page
2026-07-08 09:58:23 | INFO | Logging in with username: standard_user
2026-07-08 09:58:28 | INFO | Opening SauceDemo Login Page
2026-07-08 09:58:29 | INFO | Logging in with username: standard_user
2026-07-08 09:58:37 | INFO | Opening SauceDemo Login Page
2026-07-08 09:58:38 | INFO | Logging in with username: standard_user
2026-07-08 09:58:45 | INFO | Opening SauceDemo Login Page
2026-07-08 09:58:46 | INFO | Logging in with username: standard_user
2026-07-08 09:58:54 | INFO | Opening SauceDemo Login Page
2026-07-08 09:58:55 | INFO | Logging in with username: standard_user
2026-07-08 09:59:03 | INFO | Opening SauceDemo Login Page
2026-07-08 09:59:03 | INFO | Logging in with username: abc
2026-07-08 09:59:05 | INFO | Checking if login failed
2026-07-08 09:59:07 | INFO | Opening SauceDemo Login Page
2026-07-08 09:59:08 | INFO | Logging in with username: standard_user
2026-07-08 09:59:12 | INFO | Opening SauceDemo Login Page
2026-07-08 09:59:13 | INFO | Logging in with username: standard_user
2026-07-08 09:59:14 | INFO | Checking if login was successful
2026-07-08 09:59:16 | INFO | Opening SauceDemo Login Page
2026-07-08 09:59:17 | INFO | Logging in with username: abc
2026-07-08 09:59:19 | INFO | Checking if login failed
2026-07-08 09:59:21 | INFO | Opening SauceDemo Login Page
2026-07-08 09:59:21 | INFO | Logging in with username: locked_out_user
2026-07-08 09:59:23 | INFO | Checking if login failed
2026-07-08 09:59:25 | INFO | Opening SauceDemo Login Page
2026-07-08 09:59:26 | INFO | Logging in with username: problem_user
2026-07-08 09:59:27 | INFO | Checking if login was successful
2026-07-08 09:59:29 | INFO | Opening SauceDemo Login Page
2026-07-08 09:59:30 | INFO | Logging in with username: standard_user
2026-07-08 09:59:35 | INFO | Opening SauceDemo Login Page
2026-07-08 09:59:36 | INFO | Logging in with username: standard_user
2026-07-08 09:59:42 | INFO | Opening SauceDemo Login Page
2026-07-08 09:59:43 | INFO | Logging in with username: standard_user
2026-07-08 09:59:48 | INFO | Opening SauceDemo Login Page
2026-07-08 09:59:49 | INFO | Logging in with username: standard_user
2026-07-08 10:03:00 | INFO | Opening SauceDemo Login Page
2026-07-08 10:03:01 | INFO | Logging in with username: standard_user
2026-07-08 10:03:06 | INFO | Opening SauceDemo Login Page
2026-07-08 10:03:07 | INFO | Logging in with username: standard_user
2026-07-08 10:03:15 | INFO | Opening SauceDemo Login Page
2026-07-08 10:03:16 | INFO | Logging in with username: standard_user
2026-07-08 10:03:23 | INFO | Opening SauceDemo Login Page
2026-07-08 10:03:24 | INFO | Logging in with username: standard_user
2026-07-08 10:03:32 | INFO | Opening SauceDemo Login Page
2026-07-08 10:03:33 | INFO | Logging in with username: standard_user
2026-07-08 10:03:40 | INFO | Opening SauceDemo Login Page
2026-07-08 10:03:41 | INFO | Logging in with username: abc
2026-07-08 10:03:43 | INFO | Checking if login failed
2026-07-08 10:03:45 | INFO | Opening SauceDemo Login Page
2026-07-08 10:03:45 | INFO | Logging in with username: standard_user
2026-07-08 10:03:49 | INFO | Opening SauceDemo Login Page
2026-07-08 10:03:50 | INFO | Logging in with username: standard_user
2026-07-08 10:03:52 | INFO | Checking if login was successful
2026-07-08 10:03:54 | INFO | Opening SauceDemo Login Page
2026-07-08 10:03:55 | INFO | Logging in with username: abc
2026-07-08 10:03:56 | INFO | Checking if login failed
2026-07-08 10:03:58 | INFO | Opening SauceDemo Login Page
2026-07-08 10:03:59 | INFO | Logging in with username: locked_out_user
2026-07-08 10:04:01 | INFO | Checking if login failed
2026-07-08 10:04:03 | INFO | Opening SauceDemo Login Page
2026-07-08 10:04:03 | INFO | Logging in with username: problem_user
2026-07-08 10:04:05 | INFO | Checking if login was successful
2026-07-08 10:04:07 | INFO | Opening SauceDemo Login Page
2026-07-08 10:04:08 | INFO | Logging in with username: standard_user
2026-07-08 10:04:13 | INFO | Opening SauceDemo Login Page
2026-07-08 10:04:13 | INFO | Logging in with username: standard_user
2026-07-08 10:04:19 | INFO | Opening SauceDemo Login Page
2026-07-08 10:04:20 | INFO | Logging in with username: standard_user
2026-07-08 10:04:26 | INFO | Opening SauceDemo Login Page
2026-07-08 10:04:26 | INFO | Logging in with username: standard_user
2026-07-08 10:04:56 | INFO | Opening SauceDemo Login Page
2026-07-08 10:04:59 | INFO | Logging in with username: standard_user
2026-07-08 10:05:01 | INFO | Opening SauceDemo Login Page
2026-07-08 10:05:01 | INFO | Logging in with username: standard_user
2026-07-08 10:05:03 | INFO | Opening SauceDemo Login Page
2026-07-08 10:05:03 | INFO | Logging in with username: standard_user
2026-07-08 10:05:05 | INFO | Opening SauceDemo Login Page
2026-07-08 10:05:05 | INFO | Logging in with username: standard_user
2026-07-08 10:05:07 | INFO | Opening SauceDemo Login Page
2026-07-08 10:05:07 | INFO | Logging in with username: standard_user
2026-07-08 10:05:09 | INFO | Opening SauceDemo Login Page
2026-07-08 10:05:09 | INFO | Logging in with username: abc
2026-07-08 10:05:10 | INFO | Checking if login failed
2026-07-08 10:05:11 | INFO | Opening SauceDemo Login Page
2026-07-08 10:05:11 | INFO | Logging in with username: standard_user
2026-07-08 10:05:12 | INFO | Opening SauceDemo Login Page
2026-07-08 10:05:13 | INFO | Logging in with username: standard_user
2026-07-08 10:05:13 | INFO | Checking if login was successful
2026-07-08 10:05:14 | INFO | Opening SauceDemo Login Page
2026-07-08 10:05:14 | INFO | Logging in with username: abc
2026-07-08 10:05:14 | INFO | Checking if login failed
2026-07-08 10:05:16 | INFO | Opening SauceDemo Login Page
2026-07-08 10:05:16 | INFO | Logging in with username: locked_out_user
2026-07-08 10:05:16 | INFO | Checking if login failed
2026-07-08 10:05:17 | INFO | Opening SauceDemo Login Page
2026-07-08 10:05:17 | INFO | Logging in with username: problem_user
2026-07-08 10:05:18 | INFO | Checking if login was successful
2026-07-08 10:05:19 | INFO | Opening SauceDemo Login Page
2026-07-08 10:05:19 | INFO | Logging in with username: standard_user
2026-07-08 10:05:22 | INFO | Opening SauceDemo Login Page
2026-07-08 10:05:22 | INFO | Logging in with username: standard_user
2026-07-08 10:05:24 | INFO | Opening SauceDemo Login Page
2026-07-08 10:05:24 | INFO | Logging in with username: standard_user
2026-07-08 10:05:26 | INFO | Opening SauceDemo Login Page
2026-07-08 10:05:26 | INFO | Logging in with username: standard_user
2026-07-08 10:05:54 | INFO | Opening SauceDemo Login Page
2026-07-08 10:05:55 | INFO | Logging in with username: standard_user
2026-07-08 10:05:59 | INFO | Opening SauceDemo Login Page
2026-07-08 10:06:00 | INFO | Logging in with username: standard_user
2026-07-08 10:06:08 | INFO | Opening SauceDemo Login Page
2026-07-08 10:06:09 | INFO | Logging in with username: standard_user
2026-07-08 10:06:16 | INFO | Opening SauceDemo Login Page
2026-07-08 10:06:16 | INFO | Logging in with username: standard_user
2026-07-08 10:06:23 | INFO | Opening SauceDemo Login Page
2026-07-08 10:06:24 | INFO | Logging in with username: standard_user
2026-07-08 10:06:31 | INFO | Opening SauceDemo Login Page
2026-07-08 10:06:32 | INFO | Logging in with username: abc
2026-07-08 10:06:33 | INFO | Checking if login failed
2026-07-08 10:06:35 | INFO | Opening SauceDemo Login Page
2026-07-08 10:06:36 | INFO | Logging in with username: standard_user
2026-07-08 10:06:39 | INFO | Opening SauceDemo Login Page
2026-07-08 10:06:40 | INFO | Logging in with username: standard_user
2026-07-08 10:06:41 | INFO | Checking if login was successful
2026-07-08 10:06:43 | INFO | Opening SauceDemo Login Page
2026-07-08 10:06:44 | INFO | Logging in with username: abc
2026-07-08 10:06:46 | INFO | Checking if login failed
2026-07-08 10:06:47 | INFO | Opening SauceDemo Login Page
2026-07-08 10:06:48 | INFO | Logging in with username: locked_out_user
2026-07-08 10:06:50 | INFO | Checking if login failed
2026-07-08 10:06:51 | INFO | Opening SauceDemo Login Page
2026-07-08 10:06:52 | INFO | Logging in with username: problem_user
2026-07-08 10:06:54 | INFO | Checking if login was successful
2026-07-08 10:06:55 | INFO | Opening SauceDemo Login Page
2026-07-08 10:06:56 | INFO | Logging in with username: standard_user
2026-07-08 10:07:01 | INFO | Opening SauceDemo Login Page
2026-07-08 10:07:01 | INFO | Logging in with username: standard_user
2026-07-08 10:07:07 | INFO | Opening SauceDemo Login Page
2026-07-08 10:07:08 | INFO | Logging in with username: standard_user
2026-07-08 10:07:12 | INFO | Opening SauceDemo Login Page
2026-07-08 10:07:13 | INFO | Logging in with username: standard_user
2026-07-08 10:09:49 | INFO | Opening SauceDemo Login Page
2026-07-08 10:09:50 | INFO | Logging in with username: standard_user
2026-07-08 10:09:54 | INFO | Opening SauceDemo Login Page
2026-07-08 10:09:55 | INFO | Logging in with username: standard_user
2026-07-08 10:10:02 | INFO | Opening SauceDemo Login Page
2026-07-08 10:10:03 | INFO | Logging in with username: standard_user
2026-07-08 10:10:10 | INFO | Opening SauceDemo Login Page
2026-07-08 10:10:11 | INFO | Logging in with username: standard_user
2026-07-08 10:10:18 | INFO | Opening SauceDemo Login Page
2026-07-08 10:10:18 | INFO | Logging in with username: standard_user
2026-07-08 10:10:25 | INFO | Opening SauceDemo Login Page
2026-07-08 10:10:26 | INFO | Logging in with username: abc
2026-07-08 10:10:28 | INFO | Checking if login failed
2026-07-08 10:10:29 | INFO | Opening SauceDemo Login Page
2026-07-08 10:10:30 | INFO | Logging in with username: standard_user
2026-07-08 10:10:33 | INFO | Opening SauceDemo Login Page
2026-07-08 10:10:34 | INFO | Logging in with username: standard_user
2026-07-08 10:10:36 | INFO | Checking if login was successful
2026-07-08 10:10:37 | INFO | Opening SauceDemo Login Page
2026-07-08 10:10:38 | INFO | Logging in with username: abc
2026-07-08 10:10:40 | INFO | Checking if login failed
2026-07-08 10:10:41 | INFO | Opening SauceDemo Login Page
2026-07-08 10:10:42 | INFO | Logging in with username: locked_out_user
2026-07-08 10:10:44 | INFO | Checking if login failed
2026-07-08 10:10:45 | INFO | Opening SauceDemo Login Page
2026-07-08 10:10:46 | INFO | Logging in with username: problem_user
2026-07-08 10:10:48 | INFO | Checking if login was successful
2026-07-08 10:10:49 | INFO | Opening SauceDemo Login Page
2026-07-08 10:10:50 | INFO | Logging in with username: standard_user
2026-07-08 10:10:55 | INFO | Opening SauceDemo Login Page
2026-07-08 10:10:55 | INFO | Logging in with username: standard_user
2026-07-08 10:11:01 | INFO | Opening SauceDemo Login Page
2026-07-08 10:11:02 | INFO | Logging in with username: standard_user
2026-07-08 10:11:06 | INFO | Opening SauceDemo Login Page
2026-07-08 10:11:07 | INFO | Logging in with username: standard_user
2026-07-08 10:11:30 | INFO | Opening SauceDemo Login Page
2026-07-08 10:11:31 | INFO | Logging in with username: standard_user
2026-07-08 10:11:35 | INFO | Opening SauceDemo Login Page
2026-07-08 10:11:36 | INFO | Logging in with username: standard_user
2026-07-08 10:11:43 | INFO | Opening SauceDemo Login Page
2026-07-08 10:11:44 | INFO | Logging in with username: standard_user
2026-07-08 10:11:51 | INFO | Opening SauceDemo Login Page
2026-07-08 10:11:52 | INFO | Logging in with username: standard_user
2026-07-08 10:11:59 | INFO | Opening SauceDemo Login Page
2026-07-08 10:12:00 | INFO | Logging in with username: standard_user
2026-07-08 10:12:06 | INFO | Opening SauceDemo Login Page
2026-07-08 10:12:07 | INFO | Logging in with username: abc
2026-07-08 10:12:09 | INFO | Checking if login failed
2026-07-08 10:12:10 | INFO | Opening SauceDemo Login Page
2026-07-08 10:12:11 | INFO | Logging in with username: standard_user
2026-07-08 10:12:14 | INFO | Opening SauceDemo Login Page
2026-07-08 10:12:15 | INFO | Logging in with username: standard_user
2026-07-08 10:12:17 | INFO | Checking if login was successful
2026-07-08 10:12:19 | INFO | Opening SauceDemo Login Page
2026-07-08 10:12:20 | INFO | Logging in with username: abc
2026-07-08 10:12:21 | INFO | Checking if login failed
2026-07-08 10:12:23 | INFO | Opening SauceDemo Login Page
2026-07-08 10:12:24 | INFO | Logging in with username: locked_out_user
2026-07-08 10:12:26 | INFO | Checking if login failed
2026-07-08 10:12:27 | INFO | Opening SauceDemo Login Page
2026-07-08 10:12:28 | INFO | Logging in with username: problem_user
2026-07-08 10:12:30 | INFO | Checking if login was successful
2026-07-08 10:12:31 | INFO | Opening SauceDemo Login Page
2026-07-08 10:12:32 | INFO | Logging in with username: standard_user
2026-07-08 10:12:36 | INFO | Opening SauceDemo Login Page
2026-07-08 10:12:37 | INFO | Logging in with username: standard_user
2026-07-08 10:12:43 | INFO | Opening SauceDemo Login Page
2026-07-08 10:12:43 | INFO | Logging in with username: standard_user
2026-07-08 10:12:48 | INFO | Opening SauceDemo Login Page
2026-07-08 10:12:49 | INFO | Logging in with username: standard_user
